0 info it worked if it ends with ok
1 verbose cli [ '/usr/bin/nodejs', '/usr/bin/npm', 'install', 'fusioncharts' ]
2 info using npm@3.5.2
3 info using node@v4.2.6
4 verbose config Skipping project config: /home/rahul/.npmrc. (matches userconfig)
5 silly loadCurrentTree Starting
6 silly install loadCurrentTree
7 silly install readLocalPackageData
8 silly fetchPackageMetaData fusioncharts
9 silly fetchNamedPackageData fusioncharts
10 silly mapToRegistry name fusioncharts
11 silly mapToRegistry using default registry
12 silly mapToRegistry registry https://registry.npmjs.org/
13 silly mapToRegistry uri https://registry.npmjs.org/fusioncharts
14 verbose request uri https://registry.npmjs.org/fusioncharts
15 verbose request no auth needed
16 info attempt registry request try #1 at 12:03:20 PM
17 verbose request id 6233e152d097e54b
18 http request GET https://registry.npmjs.org/fusioncharts
19 http 200 https://registry.npmjs.org/fusioncharts
20 verbose headers { server: 'nginx/1.10.1',
20 verbose headers   'content-type': 'application/json',
20 verbose headers   'last-modified': 'Tue, 10 Jan 2017 08:29:23 GMT',
20 verbose headers   etag: 'W/"58749b63-5fe7"',
20 verbose headers   'content-encoding': 'gzip',
20 verbose headers   'cache-control': 'max-age=300',
20 verbose headers   'content-length': '4109',
20 verbose headers   'accept-ranges': 'bytes',
20 verbose headers   date: 'Mon, 27 Feb 2017 06:33:22 GMT',
20 verbose headers   via: '1.1 varnish',
20 verbose headers   age: '0',
20 verbose headers   connection: 'keep-alive',
20 verbose headers   'x-served-by': 'cache-itm7425-ITM',
20 verbose headers   'x-cache': 'MISS',
20 verbose headers   'x-cache-hits': '0',
20 verbose headers   'x-timer': 'S1488177202.354093,VS0,VE143',
20 verbose headers   vary: 'Accept-Encoding' }
21 silly get cb [ 200,
21 silly get   { server: 'nginx/1.10.1',
21 silly get     'content-type': 'application/json',
21 silly get     'last-modified': 'Tue, 10 Jan 2017 08:29:23 GMT',
21 silly get     etag: 'W/"58749b63-5fe7"',
21 silly get     'content-encoding': 'gzip',
21 silly get     'cache-control': 'max-age=300',
21 silly get     'content-length': '4109',
21 silly get     'accept-ranges': 'bytes',
21 silly get     date: 'Mon, 27 Feb 2017 06:33:22 GMT',
21 silly get     via: '1.1 varnish',
21 silly get     age: '0',
21 silly get     connection: 'keep-alive',
21 silly get     'x-served-by': 'cache-itm7425-ITM',
21 silly get     'x-cache': 'MISS',
21 silly get     'x-cache-hits': '0',
21 silly get     'x-timer': 'S1488177202.354093,VS0,VE143',
21 silly get     vary: 'Accept-Encoding' } ]
22 verbose get saving fusioncharts to /home/rahul/.npm/registry.npmjs.org/fusioncharts/.cache.json
23 verbose makeDirectory /home/rahul/.npm creation not in flight; initializing
24 silly makeDirectory /home/rahul/.npm uid: 1000 gid: 1000
25 silly install normalizeTree
26 silly loadCurrentTree Finishing
27 silly loadIdealTree Starting
28 silly install loadIdealTree
29 silly cloneCurrentTree Starting
30 silly install cloneCurrentTreeToIdealTree
31 silly cloneCurrentTree Finishing
32 silly loadShrinkwrap Starting
33 silly install loadShrinkwrap
34 silly loadShrinkwrap Finishing
35 silly loadAllDepsIntoIdealTree Starting
36 silly install loadAllDepsIntoIdealTree
37 silly resolveWithNewModule fusioncharts@3.11.3-sr.1 checking installable status
38 silly cache add args [ 'fusioncharts', null ]
39 verbose cache add spec fusioncharts
40 silly cache add parsed spec Result {
40 silly cache add   raw: 'fusioncharts',
40 silly cache add   scope: null,
40 silly cache add   name: 'fusioncharts',
40 silly cache add   rawSpec: '',
40 silly cache add   spec: 'latest',
40 silly cache add   type: 'tag' }
41 silly addNamed fusioncharts@latest
42 verbose addNamed "latest" is being treated as a dist-tag for fusioncharts
43 info addNameTag [ 'fusioncharts', 'latest' ]
44 silly mapToRegistry name fusioncharts
45 silly mapToRegistry using default registry
46 silly mapToRegistry registry https://registry.npmjs.org/
47 silly mapToRegistry uri https://registry.npmjs.org/fusioncharts
48 verbose addNameTag registry:https://registry.npmjs.org/fusioncharts not in flight; fetching
49 verbose get https://registry.npmjs.org/fusioncharts not expired, no request
50 silly addNameTag next cb for fusioncharts with tag latest
51 silly addNamed fusioncharts@3.11.3-sr.1
52 verbose addNamed "3.11.3-sr.1" is a plain semver version for fusioncharts
53 silly mapToRegistry name fusioncharts
54 silly mapToRegistry using default registry
55 silly mapToRegistry registry https://registry.npmjs.org/
56 silly mapToRegistry uri https://registry.npmjs.org/fusioncharts
57 verbose addRemoteTarball https://registry.npmjs.org/fusioncharts/-/fusioncharts-3.11.3-sr.1.tgz not in flight; adding
58 verbose addRemoteTarball [ 'https://registry.npmjs.org/fusioncharts/-/fusioncharts-3.11.3-sr.1.tgz',
58 verbose addRemoteTarball   'deb4b8d6f5c96f416bcb4d87ee7cf2558bc6196d' ]
59 info retry fetch attempt 1 at 12:03:22 PM
60 info attempt registry request try #1 at 12:03:22 PM
61 http fetch GET https://registry.npmjs.org/fusioncharts/-/fusioncharts-3.11.3-sr.1.tgz
62 http fetch 200 https://registry.npmjs.org/fusioncharts/-/fusioncharts-3.11.3-sr.1.tgz
63 silly fetchAndShaCheck shasum deb4b8d6f5c96f416bcb4d87ee7cf2558bc6196d
64 verbose addTmpTarball /tmp/npm-12464-d1785a7a/registry.npmjs.org/fusioncharts/-/fusioncharts-3.11.3-sr.1.tgz not in flight; adding
65 verbose addTmpTarball already have metadata; skipping unpack for fusioncharts@3.11.3-sr.1
66 silly cache afterAdd fusioncharts@3.11.3-sr.1
67 verbose afterAdd /home/rahul/.npm/fusioncharts/3.11.3-sr.1/package/package.json not in flight; writing
68 verbose afterAdd /home/rahul/.npm/fusioncharts/3.11.3-sr.1/package/package.json written
69 silly loadAllDepsIntoIdealTree Finishing
70 silly idealTree:prePrune rahul
70 silly idealTree:prePrune +-- chart.js@2.5.0
70 silly idealTree:prePrune +-- chartjs-color-string@0.4.0
70 silly idealTree:prePrune +-- chartjs-color@2.1.0
70 silly idealTree:prePrune +-- color-convert@0.5.3
70 silly idealTree:prePrune +-- color-name@1.1.1
70 silly idealTree:prePrune +-- fusioncharts@3.11.3-sr.1
70 silly idealTree:prePrune `-- moment@2.17.1
71 silly loadIdealTree Finishing
72 silly currentTree rahul
72 silly currentTree +-- chart.js@2.5.0
72 silly currentTree +-- chartjs-color-string@0.4.0
72 silly currentTree +-- chartjs-color@2.1.0
72 silly currentTree +-- color-convert@0.5.3
72 silly currentTree +-- color-name@1.1.1
72 silly currentTree `-- moment@2.17.1
73 silly idealTree rahul
73 silly idealTree +-- chart.js@2.5.0
73 silly idealTree +-- chartjs-color-string@0.4.0
73 silly idealTree +-- chartjs-color@2.1.0
73 silly idealTree +-- color-convert@0.5.3
73 silly idealTree +-- color-name@1.1.1
73 silly idealTree +-- fusioncharts@3.11.3-sr.1
73 silly idealTree `-- moment@2.17.1
74 silly generateActionsToTake Starting
75 silly install generateActionsToTake
76 warn checkPermissions Missing write access to /home/rahul/node_modules
77 silly rollbackFailedOptional Starting
78 silly rollbackFailedOptional Finishing
79 silly runTopLevelLifecycles Starting
80 silly runTopLevelLifecycles Finishing
81 silly install printInstalled
82 warn enoent ENOENT: no such file or directory, open '/home/rahul/package.json'
83 warn rahul No description
84 warn rahul No repository field.
85 warn rahul No README data
86 warn rahul No license field.
87 verbose stack Error: EACCES: permission denied, access '/home/rahul/node_modules'
87 verbose stack     at Error (native)
88 verbose cwd /home/rahul/Documents/rahulkde.github.io
89 error Linux 4.4.0-62-generic
90 error argv "/usr/bin/nodejs" "/usr/bin/npm" "install" "fusioncharts"
91 error node v4.2.6
92 error npm  v3.5.2
93 error path /home/rahul/node_modules
94 error code EACCES
95 error errno -13
96 error syscall access
97 error Error: EACCES: permission denied, access '/home/rahul/node_modules'
97 error     at Error (native)
97 error  { [Error: EACCES: permission denied, access '/home/rahul/node_modules']
97 error   errno: -13,
97 error   code: 'EACCES',
97 error   syscall: 'access',
97 error   path: '/home/rahul/node_modules' }
98 error Please try running this command again as root/Administrator.
99 verbose exit [ -13, true ]
